<?xml version="1.0" encoding="UTF-8"?>
<testng-results total="1" passed="1" failed="0" skipped="0">
  <reporter-output>
  </reporter-output>
  <suite started-at="2019-11-18T09:08:40Z" name="Default suite" finished-at="2019-11-18T09:09:53Z" duration-ms="73322">
    <groups>
    </groups>
    <test started-at="2019-11-18T09:08:40Z" name="Default test" finished-at="2019-11-18T09:09:53Z" duration-ms="73322">
      <class name="Testcases.RediffLogin">
        <test-method signature="Login()[pri:0, instance:Testcases.RediffLogin@394df057]" started-at="2019-11-18T14:38:40Z" name="Login" finished-at="2019-11-18T14:39:53Z" duration-ms="73214" status="PASS">
          <reporter-output>
          </reporter-output>
        </test-method> <!-- Login -->
      </class> <!-- Testcases.RediffLogin -->
    </test> <!-- Default test -->
  </suite> <!-- Default suite -->
</testng-results>
